[2026-06-20 17:51:00.907] [INFO] Logger initialized
[2026-06-20 17:51:00.909] [EVT.ECO] Ecosystem created: 200x150, seed=42
[2026-06-20 17:51:00.925] [EVT.SPAWN] Grass at (902,602)
[2026-06-20 17:51:00.927] [EVT.SPAWN] Cactus at (1647,2426)
[2026-06-20 17:51:00.927] [EVT.SPAWN] Pine at (974,432)
[2026-06-20 17:51:00.927] [EVT.SPAWN] Grass at (3305,894)
[2026-06-20 17:51:00.927] [EVT.SPAWN] Seaweed at (4596,340)
[2026-06-20 17:51:00.927] [EVT.SPAWN] Algae at (4704,93)
[2026-06-20 17:51:00.927] [EVT.SPAWN] Moss at (4966,713)
[2026-06-20 17:51:00.927] [EVT.SPAWN] Grass at (1852,2649)
[2026-06-20 17:51:00.927] [EVT.SPAWN] Cactus at (246,1037)
[2026-06-20 17:51:00.927] [EVT.SPAWN] Moss at (4807,3963)
[2026-06-20 17:51:00.927] [EVT.SPAWN] Moss at (3490,3045)
[2026-06-20 17:51:00.927] [EVT.SPAWN] Coral at (4532,533)
[2026-06-20 17:51:00.927] [EVT.SPAWN] PineTree at (1271,4486)
[2026-06-20 17:51:00.927] [EVT.SPAWN] Kelp at (3713,89)
[2026-06-20 17:51:00.927] [EVT.SPAWN] Seaweed at (4206,204)
[2026-06-20 17:51:00.927] [EVT.SPAWN] PineTree at (2060,3192)
[2026-06-20 17:51:00.927] [EVT.SPAWN] PineTree at (2246,746)
[2026-06-20 17:51:00.927] [EVT.SPAWN] Bush at (4175,4130)
[2026-06-20 17:51:00.927] [EVT.SPAWN] OakTree at (4301,1974)
[2026-06-20 17:51:00.927] [EVT.SPAWN] Grass at (2030,2828)
[2026-06-20 17:51:00.927] [EVT.SPAWN] Pine at (1047,2700)
[2026-06-20 17:51:00.927] [EVT.SPAWN] Pine at (611,904)
[2026-06-20 17:51:00.927] [EVT.SPAWN] Kelp at (5694,1200)
[2026-06-20 17:51:00.927] [EVT.SPAWN] Grass at (1809,1762)
[2026-06-20 17:51:00.927] [EVT.SPAWN] Grass at (985,3010)
[2026-06-20 17:51:00.927] [EVT.SPAWN] Pine at (3543,529)
[2026-06-20 17:51:00.927] [EVT.SPAWN] Pine at (5271,535)
[2026-06-20 17:51:00.927] [EVT.SPAWN] BerryBush at (3467,2289)
[2026-06-20 17:51:00.927] [EVT.SPAWN] Bush at (1762,839)
[2026-06-20 17:51:00.927] [EVT.SPAWN] BerryBush at (5700,169)
[2026-06-20 17:51:00.927] [EVT.SPAWN] Kelp at (3444,3034)
[2026-06-20 17:51:00.927] [EVT.SPAWN] Pine at (169,2836)
[2026-06-20 17:51:00.927] [EVT.SPAWN] Flowers at (5787,3848)
[2026-06-20 17:51:00.927] [EVT.SPAWN] Pine at (492,3882)
[2026-06-20 17:51:00.927] [EVT.SPAWN] Mushroom at (5067,2598)
[2026-06-20 17:51:00.927] [EVT.SPAWN] Pine at (4177,1489)
[2026-06-20 17:51:00.927] [EVT.SPAWN] Grass at (5176,4444)
[2026-06-20 17:51:00.927] [EVT.SPAWN] Pine at (3889,4706)
[2026-06-20 17:51:00.927] [EVT.SPAWN] PineTree at (669,198)
[2026-06-20 17:51:00.927] [EVT.SPAWN] Algae at (5779,1126)
[2026-06-20 17:51:00.927] [EVT.SPAWN] PineTree at (465,567)
[2026-06-20 17:51:00.927] [EVT.SPAWN] GrassTuft at (3777,656)
[2026-06-20 17:51:00.927] [EVT.SPAWN] WaterLily at (3965,57)
[2026-06-20 17:51:00.927] [EVT.SPAWN] OakTree at (15,2691)
[2026-06-20 17:51:00.927] [EVT.SPAWN] Coral at (4359,381)
[2026-06-20 17:51:00.927] [EVT.SPAWN] GrassTuft at (5111,1853)
[2026-06-20 17:51:00.927] [EVT.SPAWN] Cactus at (3995,4255)
[2026-06-20 17:51:00.927] [EVT.SPAWN] Flowers at (5807,727)
[2026-06-20 17:51:00.930] [EVT.SPAWN] Flowers at (2957,985)
[2026-06-20 17:51:00.930] [EVT.SPAWN] Cactus at (2991,3836)
[2026-06-20 17:51:00.930] [EVT.SPAWN] Kelp at (3540,2996)
[2026-06-20 17:51:00.930] [EVT.SPAWN] GrassTuft at (5645,2161)
[2026-06-20 17:51:00.930] [EVT.SPAWN] Cactus at (4289,803)
[2026-06-20 17:51:00.930] [EVT.SPAWN] Plant at (643,689)
[2026-06-20 17:51:00.930] [EVT.SPAWN] Mushroom at (4808,1173)
[2026-06-20 17:51:00.930] [EVT.SPAWN] Cactus at (1311,4549)
[2026-06-20 17:51:00.930] [EVT.SPAWN] BerryBush at (3887,1736)
[2026-06-20 17:51:00.930] [EVT.SPAWN] Plant at (6196,1762)
[2026-06-20 17:51:00.930] [EVT.SPAWN] Mushroom at (5148,831)
[2026-06-20 17:51:00.930] [EVT.SPAWN] Seaweed at (5291,254)
[2026-06-20 17:51:00.930] [EVT.SPAWN] Grass at (2110,662)
[2026-06-20 17:51:00.930] [EVT.SPAWN] Plant at (2739,3653)
[2026-06-20 17:51:00.930] [EVT.SPAWN] Plant at (2425,1119)
[2026-06-20 17:51:00.930] [EVT.SPAWN] Grass at (6325,1054)
[2026-06-20 17:51:00.930] [EVT.SPAWN] Coral at (6359,914)
[2026-06-20 17:51:00.930] [EVT.SPAWN] GrassTuft at (801,1490)
[2026-06-20 17:51:00.930] [EVT.SPAWN] Bush at (572,1028)
[2026-06-20 17:51:00.930] [EVT.SPAWN] Mushroom at (469,2649)
[2026-06-20 17:51:00.930] [EVT.SPAWN] Seaweed at (2781,4671)
[2026-06-20 17:51:00.930] [EVT.SPAWN] WaterLily at (3600,4176)
[2026-06-20 17:51:00.930] [EVT.SPAWN] Toadstool at (1086,178)
[2026-06-20 17:51:00.930] [EVT.SPAWN] PineTree at (5423,672)
[2026-06-20 17:51:00.930] [EVT.SPAWN] Mushroom at (6020,442)
[2026-06-20 17:51:00.930] [EVT.SPAWN] WaterLily at (2290,1181)
[2026-06-20 17:51:00.930] [EVT.SPAWN] PineTree at (5644,1444)
[2026-06-20 17:51:00.930] [EVT.SPAWN] Bush at (5256,3825)
[2026-06-20 17:51:00.930] [EVT.SPAWN] OakTree at (5360,640)
[2026-06-20 17:51:00.930] [EVT.SPAWN] Cactus at (4475,579)
[2026-06-20 17:51:00.930] [EVT.SPAWN] Pine at (4884,384)
[2026-06-20 17:51:00.930] [EVT.SPAWN] Bush at (1022,443)
[2026-06-20 17:51:00.930] [EVT.SPAWN] Algae at (3300,167)
[2026-06-20 17:51:00.930] [EVT.SPAWN] Grass at (3215,2614)
[2026-06-20 17:51:00.930] [EVT.SPAWN] Plant at (3824,1912)
[2026-06-20 17:51:00.930] [EVT.SPAWN] BerryBush at (744,1384)
[2026-06-20 17:51:00.930] [EVT.SPAWN] OakTree at (3863,2246)
[2026-06-20 17:51:00.930] [EVT.SPAWN] Mushroom at (5261,2758)
[2026-06-20 17:51:00.930] [EVT.SPAWN] Plant at (3021,755)
[2026-06-20 17:51:00.930] [EVT.SPAWN] Mushroom at (3544,1076)
[2026-06-20 17:51:00.930] [EVT.SPAWN] Toadstool at (1529,254)
[2026-06-20 17:51:00.930] [EVT.SPAWN] Moss at (2268,2186)
[2026-06-20 17:51:00.930] [EVT.SPAWN] Toadstool at (4406,1165)
[2026-06-20 17:51:00.930] [EVT.SPAWN] PineTree at (3510,2559)
[2026-06-20 17:51:00.930] [EVT.SPAWN] Plant at (906,3844)
[2026-06-20 17:51:00.930] [EVT.SPAWN] Mushroom at (5618,3082)
[2026-06-20 17:51:00.930] [EVT.SPAWN] Flowers at (4817,3941)
[2026-06-20 17:51:00.930] [EVT.SPAWN] Plant at (2277,4260)
[2026-06-20 17:51:00.930] [EVT.SPAWN] Bush at (4641,4349)
[2026-06-20 17:51:00.930] [EVT.SPAWN] Kelp at (3636,170)
[2026-06-20 17:51:00.930] [EVT.SPAWN] Kelp at (4602,98)
[2026-06-20 17:51:00.930] [EVT.SPAWN] Moss at (1811,4623)
[2026-06-20 17:51:00.930] [EVT.SPAWN] Kelp at (3359,3619)
[2026-06-20 17:51:00.930] [EVT.SPAWN] Plant at (774,109)
[2026-06-20 17:51:00.930] [EVT.SPAWN] BerryBush at (1814,1318)
[2026-06-20 17:51:00.930] [EVT.SPAWN] WaterLily at (3796,3622)
[2026-06-20 17:51:00.930] [EVT.SPAWN] PineTree at (4104,3659)
[2026-06-20 17:51:00.930] [EVT.SPAWN] PineTree at (4821,4469)
[2026-06-20 17:51:00.930] [EVT.SPAWN] Coral at (3745,135)
[2026-06-20 17:51:00.930] [EVT.SPAWN] OakTree at (2145,3414)
[2026-06-20 17:51:00.930] [EVT.SPAWN] Bush at (4099,4125)
[2026-06-20 17:51:00.930] [EVT.SPAWN] WaterLily at (3948,196)
[2026-06-20 17:51:00.930] [EVT.SPAWN] Seaweed at (5090,321)
[2026-06-20 17:51:00.930] [EVT.SPAWN] GrassTuft at (3577,3651)
[2026-06-20 17:51:00.930] [EVT.SPAWN] Toadstool at (3823,4448)
[2026-06-20 17:51:00.930] [EVT.SPAWN] Bush at (1262,3731)
[2026-06-20 17:51:00.930] [EVT.SPAWN] BerryBush at (1346,1332)
[2026-06-20 17:51:00.930] [EVT.SPAWN] Bush at (1701,33)
[2026-06-20 17:51:00.930] [EVT.SPAWN] Flowers at (955,3941)
[2026-06-20 17:51:00.930] [EVT.SPAWN] BerryBush at (5920,280)
[2026-06-20 17:51:00.930] [EVT.SPAWN] Pine at (1702,4242)
[2026-06-20 17:51:00.930] [EVT.SPAWN] Plant at (3600,4309)
[2026-06-20 17:51:00.930] [EVT.SPAWN] OakTree at (2106,3513)
[2026-06-20 17:51:00.930] [EVT.SPAWN] Flowers at (5158,4494)
[2026-06-20 17:51:00.930] [EVT.SPAWN] Algae at (1226,3253)
[2026-06-20 17:51:00.930] [EVT.SPAWN] Grass at (621,2563)
[2026-06-20 17:51:00.930] [EVT.SPAWN] BerryBush at (1385,3005)
[2026-06-20 17:51:00.930] [EVT.SPAWN] GrassTuft at (3599,1261)
[2026-06-20 17:51:00.930] [EVT.SPAWN] PineTree at (5272,557)
[2026-06-20 17:51:00.930] [EVT.SPAWN] Coral at (4018,62)
[2026-06-20 17:51:00.930] [EVT.SPAWN] Flowers at (3885,1917)
[2026-06-20 17:51:00.930] [EVT.SPAWN] OakTree at (2866,2701)
[2026-06-20 17:51:00.930] [EVT.SPAWN] Toadstool at (3138,881)
[2026-06-20 17:51:00.930] [EVT.SPAWN] Grass at (6083,3670)
[2026-06-20 17:51:00.930] [EVT.SPAWN] Coral at (1309,2414)
[2026-06-20 17:51:00.930] [EVT.SPAWN] PineTree at (4941,3382)
[2026-06-20 17:51:00.930] [EVT.SPAWN] Bush at (1303,4655)
[2026-06-20 17:51:00.930] [EVT.SPAWN] Cactus at (5987,3191)
[2026-06-20 17:51:00.930] [EVT.SPAWN] Moss at (4074,652)
[2026-06-20 17:51:00.930] [EVT.SPAWN] Kelp at (379,3237)
[2026-06-20 17:51:00.930] [EVT.SPAWN] Plant at (92,306)
[2026-06-20 17:51:00.930] [EVT.SPAWN] PineTree at (4504,1721)
[2026-06-20 17:51:00.930] [EVT.SPAWN] Pine at (739,3562)
[2026-06-20 17:51:00.930] [EVT.SPAWN] Pine at (1230,4583)
[2026-06-20 17:51:00.930] [EVT.SPAWN] BerryBush at (3121,2133)
[2026-06-20 17:51:00.930] [EVT.SPAWN] Seaweed at (2789,3183)
[2026-06-20 17:51:00.930] [EVT.SPAWN] Seaweed at (4913,192)
[2026-06-20 17:51:00.930] [EVT.SPAWN] Plant at (1281,696)
[2026-06-20 17:51:00.930] [EVT.SPAWN] Moss at (2431,2372)
[2026-06-20 17:51:00.930] [EVT.SPAWN] Plant at (1667,2198)
[2026-06-20 17:51:00.931] [EVT.SPAWN] Toadstool at (1028,3909)
[2026-06-20 17:51:00.931] [EVT.SPAWN] Pine at (1580,3488)
[2026-06-20 17:51:00.931] [EVT.SPAWN] Horse at (1849,3428)
[2026-06-20 17:51:00.931] [EVT.SPAWN] Salmon at (4040,191)
[2026-06-20 17:51:00.931] [EVT.SPAWN] Deer at (6143,3402)
[2026-06-20 17:51:00.931] [EVT.SPAWN] Deer at (6134,1338)
[2026-06-20 17:51:00.931] [EVT.SPAWN] Fish at (4226,149)
[2026-06-20 17:51:00.931] [EVT.SPAWN] Turtle at (2144,3602)
[2026-06-20 17:51:00.931] [EVT.SPAWN] Rabbit at (2204,4360)
[2026-06-20 17:51:00.931] [EVT.SPAWN] Lizard at (2693,215)
[2026-06-20 17:51:00.931] [EVT.SPAWN] Lizard at (975,1333)
[2026-06-20 17:51:00.931] [EVT.SPAWN] Lizard at (3674,3295)
[2026-06-20 17:51:00.931] [EVT.SPAWN] Sheep at (4431,1582)
[2026-06-20 17:51:00.931] [EVT.SPAWN] Goat at (4668,3628)
[2026-06-20 17:51:00.931] [EVT.SPAWN] Goat at (5090,2259)
[2026-06-20 17:51:00.931] [EVT.SPAWN] Salmon at (5929,2809)
[2026-06-20 17:51:00.931] [EVT.SPAWN] Salmon at (1218,2424)
[2026-06-20 17:51:00.931] [EVT.SPAWN] Turtle at (2955,3043)
[2026-06-20 17:51:00.931] [EVT.SPAWN] Turtle at (1933,2629)
[2026-06-20 17:51:00.931] [EVT.SPAWN] Fish at (3582,66)
[2026-06-20 17:51:00.931] [EVT.SPAWN] Sheep at (1743,1094)
[2026-06-20 17:51:00.931] [EVT.SPAWN] Salmon at (4206,208)
[2026-06-20 17:51:00.931] [EVT.SPAWN] Goat at (4243,802)
[2026-06-20 17:51:00.931] [EVT.SPAWN] Horse at (310,1221)
[2026-06-20 17:51:00.931] [EVT.SPAWN] Fish at (3759,126)
[2026-06-20 17:51:00.931] [EVT.SPAWN] Lizard at (4962,4386)
[2026-06-20 17:51:00.931] [EVT.SPAWN] Lizard at (5764,467)
[2026-06-20 17:51:00.931] [EVT.SPAWN] Deer at (1720,3890)
[2026-06-20 17:51:00.931] [EVT.SPAWN] Horse at (4598,891)
[2026-06-20 17:51:00.931] [EVT.SPAWN] Horse at (5821,602)
[2026-06-20 17:51:00.931] [EVT.SPAWN] Gazelle at (3992,3096)
[2026-06-20 17:51:00.931] [EVT.SPAWN] Salmon at (5765,1054)
[2026-06-20 17:51:00.931] [EVT.SPAWN] Turtle at (3596,905)
[2026-06-20 17:51:00.931] [EVT.SPAWN] Rabbit at (3626,2036)
[2026-06-20 17:51:00.931] [EVT.SPAWN] Horse at (4727,1370)
[2026-06-20 17:51:00.931] [EVT.SPAWN] Rabbit at (6229,4542)
[2026-06-20 17:51:00.931] [EVT.SPAWN] Lizard at (2577,2853)
[2026-06-20 17:51:00.931] [EVT.SPAWN] Goat at (3763,4216)
[2026-06-20 17:51:00.931] [EVT.SPAWN] Turtle at (3081,4306)
[2026-06-20 17:51:00.931] [EVT.SPAWN] Goat at (5315,4493)
[2026-06-20 17:51:00.931] [EVT.SPAWN] Turtle at (3350,1720)
[2026-06-20 17:51:00.931] [EVT.SPAWN] Deer at (3958,543)
[2026-06-20 17:51:00.931] [EVT.SPAWN] Rabbit at (798,230)
[2026-06-20 17:51:00.931] [EVT.SPAWN] Horse at (1462,1476)
[2026-06-20 17:51:00.931] [EVT.SPAWN] Horse at (5147,1998)
[2026-06-20 17:51:00.931] [EVT.SPAWN] Sheep at (5412,2724)
[2026-06-20 17:51:00.931] [EVT.SPAWN] Goat at (401,4793)
[2026-06-20 17:51:00.931] [EVT.SPAWN] Horse at (1453,3764)
[2026-06-20 17:51:00.931] [EVT.SPAWN] Gazelle at (6366,2216)
[2026-06-20 17:51:00.931] [EVT.SPAWN] Rabbit at (2554,1698)
[2026-06-20 17:51:00.932] [EVT.SPAWN] Horse at (2861,1634)
[2026-06-20 17:51:00.932] [EVT.SPAWN] Turtle at (911,19)
[2026-06-20 17:51:00.932] [EVT.SPAWN] Lizard at (3843,3400)
[2026-06-20 17:51:00.932] [EVT.SPAWN] Rabbit at (2532,2932)
[2026-06-20 17:51:00.932] [EVT.SPAWN] Sheep at (6300,2331)
[2026-06-20 17:51:00.932] [EVT.SPAWN] Deer at (1342,3708)
[2026-06-20 17:51:00.932] [EVT.SPAWN] Horse at (4514,2494)
[2026-06-20 17:51:00.932] [EVT.SPAWN] Turtle at (2491,3474)
[2026-06-20 17:51:00.932] [EVT.SPAWN] Sheep at (1753,1926)
[2026-06-20 17:51:00.932] [EVT.SPAWN] Goat at (4153,3744)
[2026-06-20 17:51:00.932] [EVT.SPAWN] Fish at (5207,71)
[2026-06-20 17:51:00.932] [EVT.SPAWN] Rabbit at (3817,1785)
[2026-06-20 17:51:00.932] [EVT.SPAWN] Piranha at (4958,200)
[2026-06-20 17:51:00.932] [EVT.SPAWN] Crocodile at (4429,3938)
[2026-06-20 17:51:00.932] [EVT.SPAWN] Crocodile at (6195,118)
[2026-06-20 17:51:00.933] [EVT.SPAWN] Shark at (4752,16)
[2026-06-20 17:51:00.933] [EVT.SPAWN] Lion at (5802,494)
[2026-06-20 17:51:00.933] [EVT.SPAWN] Wolf at (2048,4343)
[2026-06-20 17:51:00.933] [EVT.SPAWN] Snake at (1511,4049)
[2026-06-20 17:51:00.933] [EVT.SPAWN] Fox at (1269,4630)
[2026-06-20 17:51:00.933] [EVT.SPAWN] Fox at (4188,4622)
[2026-06-20 17:51:00.933] [EVT.SPAWN] Shark at (6352,784)
[2026-06-20 17:51:00.933] [EVT.SPAWN] Lion at (2891,2061)
[2026-06-20 17:51:00.933] [EVT.SPAWN] Wolf at (3486,4128)
[2026-06-20 17:51:00.933] [EVT.SPAWN] Fox at (2956,179)
[2026-06-20 17:51:00.933] [EVT.SPAWN] Wolf at (2482,2180)
[2026-06-20 17:51:00.933] [EVT.SPAWN] Crocodile at (5754,1362)
[2026-06-20 17:51:00.933] [EVT.SPAWN] Piranha at (4724,2)
[2026-06-20 17:51:00.934] [EVT.SPAWN] Shark at (4752,16)
[2026-06-20 17:51:00.935] [EVT.SPAWN] Shark at (4752,16)
[2026-06-20 17:51:00.935] [EVT.SPAWN] Lynx at (3297,946)
[2026-06-20 17:51:00.935] [EVT.SPAWN] Crocodile at (769,24)
[2026-06-20 17:51:00.935] [EVT.SPAWN] Boar at (3593,3385)
[2026-06-20 17:51:00.935] [EVT.SPAWN] Jellyfish at (5132,3586)
[2026-06-20 17:51:00.936] [EVT.SPAWN] Bear at (1840,484)
[2026-06-20 17:51:00.936] [EVT.SPAWN] Beetle at (2911,1012)
[2026-06-20 17:51:00.936] [EVT.SPAWN] Boar at (5812,2562)
[2026-06-20 17:51:00.936] [EVT.SPAWN] Boar at (1168,1715)
[2026-06-20 17:51:00.936] [EVT.SPAWN] Jellyfish at (4033,1055)
[2026-06-20 17:51:00.936] [EVT.SPAWN] Raccoon at (4962,2042)
[2026-06-20 17:51:00.936] [EVT.SPAWN] Bear at (5643,29)
[2026-06-20 17:51:00.936] [EVT.SPAWN] Butterfly at (1469,2650)
[2026-06-20 17:51:00.936] [EVT.SPAWN] Raccoon at (4079,2780)
[2026-06-20 17:51:00.936] [EVT.SPAWN] Jellyfish at (5315,167)
[2026-06-20 17:51:00.936] [EVT.SPAWN] Frog at (480,4206)
[2026-06-20 17:51:00.936] [EVT.SPAWN] Bear at (5271,1780)
[2026-06-20 17:51:00.936] [EVT.SPAWN] Beetle at (3948,570)
[2026-06-20 17:51:00.940] [EVT.ECO] Initialized: P=150 H=60 C=20 O=15 | Total=245
[2026-06-20 17:51:02.990] [EVT.STATS] T=0,3s P=150 H=60 C=20 O=15 Total=245
[2026-06-20 17:51:03.760] [EVT.SPAWN] Pine at (1087,2696)
[2026-06-20 17:51:04.066] [EVT.SPAWN] Pine at (4189,1424)
[2026-06-20 17:51:04.066] [EVT.SPAWN] Moss at (4814,3926)
[2026-06-20 17:51:04.257] [EVT.SPAWN] Mushroom at (5001,2598)
[2026-06-20 17:51:04.257] [EVT.SPAWN] PineTree at (2038,3134)
[2026-06-20 17:51:04.356] [EVT.SPAWN] Grass at (628,2621)
[2026-06-20 17:51:04.356] [EVT.SPAWN] Plant at (776,172)
[2026-06-20 17:51:04.457] [EVT.SPAWN] Mushroom at (3505,1077)
[2026-06-20 17:51:04.457] [EVT.SPAWN] BerryBush at (3438,2260)
[2026-06-20 17:51:04.556] [EVT.SPAWN] Pine at (1190,4541)
[2026-06-20 17:51:04.656] [EVT.SPAWN] Plant at (1247,742)
[2026-06-20 17:51:04.656] [EVT.SPAWN] BerryBush at (5694,207)
[2026-06-20 17:51:04.656] [EVT.SPAWN] Bush at (1726,880)
[2026-06-20 17:51:04.656] [EVT.SPAWN] Pine at (1005,2752)
[2026-06-20 17:51:04.756] [EVT.SPAWN] GrassTuft at (822,1468)
[2026-06-20 17:51:04.756] [EVT.SPAWN] PineTree at (1295,4544)
[2026-06-20 17:51:04.863] [EVT.SPAWN] Plant at (2263,4204)
[2026-06-20 17:51:04.863] [EVT.SPAWN] Plant at (883,3896)
[2026-06-20 17:51:04.863] [EVT.SPAWN] Grass at (950,2997)
[2026-06-20 17:51:04.960] [EVT.SPAWN] Cactus at (5966,3226)
[2026-06-20 17:51:04.960] [EVT.SPAWN] Grass at (1806,1795)
[2026-06-20 17:51:04.960] [EVT.SPAWN] Grass at (1990,2793)
[2026-06-20 17:51:05.065] [EVT.SPAWN] Flowers at (3838,1913)
[2026-06-20 17:51:05.065] [EVT.SPAWN] GrassTuft at (3539,1262)
[2026-06-20 17:51:05.065] [EVT.SPAWN] Toadstool at (1033,179)
[2026-06-20 17:51:05.156] [EVT.SPAWN] PineTree at (4556,1753)
[2026-06-20 17:51:05.156] [EVT.SPAWN] Toadstool at (3150,820)
[2026-06-20 17:51:05.156] [EVT.SPAWN] PineTree at (4875,4438)
[2026-06-20 17:51:05.156] [EVT.SPAWN] PineTree at (3480,2569)
[2026-06-20 17:51:05.263] [EVT.SPAWN] Plant at (152,341)
[2026-06-20 17:51:05.263] [EVT.SPAWN] Algae at (1276,3288)
[2026-06-20 17:51:05.263] [EVT.SPAWN] Pine at (4131,1530)
[2026-06-20 17:51:05.263] [EVT.SPAWN] Moss at (4849,4017)
[2026-06-20 17:51:05.363] [EVT.DEATH] Seaweed died at age 2,4s, energy 0,0
[2026-06-20 17:51:05.366] [EVT.SPAWN] Pine at (771,3523)
[2026-06-20 17:51:05.366] [EVT.SPAWN] Flowers at (946,3971)
[2026-06-20 17:51:05.366] [EVT.SPAWN] Moss at (3487,3007)
[2026-06-20 17:51:05.467] [EVT.SPAWN] Moss at (2470,2342)
[2026-06-20 17:51:05.467] [EVT.SPAWN] OakTree at (2825,2735)
[2026-06-20 17:51:05.467] [EVT.SPAWN] Bush at (4664,4373)
[2026-06-20 17:51:05.551] [EVT.DEATH] Bush died at age 2,6s, energy -2,1
[2026-06-20 17:51:05.557] [EVT.SPAWN] Grass at (6124,3654)
[2026-06-20 17:51:05.557] [EVT.SPAWN] Mushroom at (5047,2568)
[2026-06-20 17:51:05.557] [EVT.SPAWN] Pine at (1107,2670)
[2026-06-20 17:51:05.557] [EVT.SPAWN] PineTree at (2067,3149)
[2026-06-20 17:51:05.645] [EVT.SPAWN] Pine at (1123,2706)
[2026-06-20 17:51:05.649] [EVT.DEATH] Grass died at age 2,7s, energy -0,4
[2026-06-20 17:51:05.657] [EVT.SPAWN] GrassTuft at (5619,2192)
[2026-06-20 17:51:05.756] [EVT.SPAWN] Grass at (658,2561)
[2026-06-20 17:51:05.756] [EVT.SPAWN] Plant at (805,78)
[2026-06-20 17:51:05.756] [EVT.SPAWN] Coral at (6301,935)
[2026-06-20 17:51:05.757] [EVT.SPAWN] Pine at (5248,500)
[2026-06-20 17:51:05.757] [EVT.SPAWN] Kelp at (5666,1232)
[2026-06-20 17:51:05.856] [EVT.SPAWN] Plant at (3061,765)
[2026-06-20 17:51:05.857] [EVT.SPAWN] Cactus at (1692,2463)
[2026-06-20 17:51:05.957] [EVT.SPAWN] BerryBush at (3143,2096)
[2026-06-20 17:51:05.957] [EVT.SPAWN] Toadstool at (3780,4483)
[2026-06-20 17:51:05.957] [EVT.SPAWN] Mushroom at (5608,3113)
[2026-06-20 17:51:05.957] [EVT.SPAWN] Moss at (2253,2157)
[2026-06-20 17:51:05.957] [EVT.SPAWN] Pine at (3919,4725)
[2026-06-20 17:51:06.057] [EVT.SPAWN] BerryBush at (753,1418)
[2026-06-20 17:51:06.057] [EVT.SPAWN] Cactus at (4438,558)
[2026-06-20 17:51:06.057] [EVT.SPAWN] Plant at (2433,1153)
[2026-06-20 17:51:06.057] [EVT.SPAWN] OakTree at (49,2702)
[2026-06-20 17:51:06.057] [EVT.SPAWN] PineTree at (621,188)
[2026-06-20 17:51:06.057] [EVT.SPAWN] BerryBush at (3518,2254)
[2026-06-20 17:51:06.057] [EVT.SPAWN] Moss at (4949,654)
[2026-06-20 17:51:06.164] [EVT.SPAWN] Toadstool at (1554,278)
[2026-06-20 17:51:06.262] [EVT.SPAWN] Pine at (1196,4560)
[2026-06-20 17:51:06.262] [EVT.SPAWN] BerryBush at (1342,2959)
[2026-06-20 17:51:06.262] [EVT.SPAWN] PineTree at (4069,3681)
[2026-06-20 17:51:06.262] [EVT.SPAWN] Flowers at (4769,3944)
[2026-06-20 17:51:06.262] [EVT.SPAWN] Bush at (553,968)
[2026-06-20 17:51:06.262] [EVT.SPAWN] Plant at (2718,3617)
[2026-06-20 17:51:06.262] [EVT.SPAWN] Kelp at (3574,3028)
[2026-06-20 17:51:06.371] [EVT.SPAWN] Mushroom at (5221,2742)
[2026-06-20 17:51:06.371] [EVT.SPAWN] Plant at (625,725)
[2026-06-20 17:51:06.445] [EVT.SPAWN] Moss at (4845,3866)
[2026-06-20 17:51:06.445] [EVT.SPAWN] Pine at (4188,1362)
[2026-06-20 17:51:06.456] [EVT.SPAWN] Plant at (1341,678)
[2026-06-20 17:51:06.456] [EVT.SPAWN] Flowers at (5224,4502)
[2026-06-20 17:51:06.456] [EVT.SPAWN] Pine at (4132,1447)
[2026-06-20 17:51:06.456] [EVT.SPAWN] BerryBush at (5657,172)
[2026-06-20 17:51:06.456] [EVT.SPAWN] Bush at (1814,881)
[2026-06-20 17:51:06.456] [EVT.SPAWN] Pine at (1082,2686)
[2026-06-20 17:51:06.456] [EVT.SPAWN] Moss at (4873,3945)
[2026-06-20 17:51:06.545] [EVT.SPAWN] Pine at (956,2733)
[2026-06-20 17:51:06.546] [EVT.SPAWN] Pine at (1046,2664)
[2026-06-20 17:51:06.564] [EVT.SPAWN] Toadstool at (1060,3965)
[2026-06-20 17:51:06.564] [EVT.SPAWN] Seaweed at (2854,3184)
[2026-06-20 17:51:06.564] [EVT.SPAWN] BerryBush at (5940,253)
[2026-06-20 17:51:06.564] [EVT.SPAWN] BerryBush at (1800,1252)
[2026-06-20 17:51:06.564] [EVT.SPAWN] GrassTuft at (825,1438)
[2026-06-20 17:51:06.564] [EVT.SPAWN] Grass at (2048,633)
[2026-06-20 17:51:06.564] [EVT.SPAWN] Cactus at (179,1050)
[2026-06-20 17:51:06.666] [EVT.SPAWN] GrassTuft at (3568,3712)
[2026-06-20 17:51:06.666] [EVT.SPAWN] Mushroom at (436,2594)
[2026-06-20 17:51:06.666] [EVT.SPAWN] Flowers at (5812,3903)
[2026-06-20 17:51:06.666] [EVT.SPAWN] PineTree at (1224,4452)
[2026-06-20 17:51:06.766] [EVT.SPAWN] Pine at (1569,3446)
[2026-06-20 17:51:06.766] [EVT.SPAWN] Plant at (2250,4204)
[2026-06-20 17:51:06.766] [EVT.SPAWN] Seaweed at (2811,4637)
[2026-06-20 17:51:06.766] [EVT.SPAWN] Bush at (4150,4107)
[2026-06-20 17:51:06.845] [EVT.SPAWN] Mushroom at (5052,2644)
[2026-06-20 17:51:06.857] [EVT.SPAWN] Plant at (1657,2264)
[2026-06-20 17:51:06.857] [EVT.SPAWN] Kelp at (407,3206)
[2026-06-20 17:51:06.857] [EVT.SPAWN] Plant at (953,3887)
[2026-06-20 17:51:06.857] [EVT.SPAWN] Grass at (6356,1061)
[2026-06-20 17:51:06.857] [EVT.SPAWN] Mushroom at (5162,880)
[2026-06-20 17:51:06.857] [EVT.SPAWN] Grass at (930,2985)
[2026-06-20 17:51:06.857] [EVT.SPAWN] PineTree at (2054,3132)
[2026-06-20 17:51:06.857] [EVT.SPAWN] Grass at (963,610)
[2026-06-20 17:51:06.945] [EVT.SPAWN] PineTree at (2059,3176)
[2026-06-20 17:51:06.957] [EVT.SPAWN] Cactus at (3031,3840)
[2026-06-20 17:51:06.957] [EVT.SPAWN] Mushroom at (5040,2568)
[2026-06-20 17:51:06.957] [EVT.SPAWN] OakTree at (4255,1987)
[2026-06-20 17:51:07.057] [EVT.SPAWN] Cactus at (6020,3135)
[2026-06-20 17:51:07.057] [EVT.SPAWN] Bush at (4132,4129)
[2026-06-20 17:51:07.057] [EVT.SPAWN] OakTree at (2176,3384)
[2026-06-20 17:51:07.057] [EVT.SPAWN] Moss at (1836,4642)
[2026-06-20 17:51:07.057] [EVT.SPAWN] Pine at (180,2881)
[2026-06-20 17:51:07.057] [EVT.SPAWN] Pine at (576,914)
[2026-06-20 17:51:07.057] [EVT.SPAWN] Grass at (2077,2809)
[2026-06-20 17:51:07.157] [EVT.SPAWN] OakTree at (3896,2297)
[2026-06-20 17:51:07.157] [EVT.SPAWN] Grass at (3149,2597)
[2026-06-20 17:51:07.157] [EVT.SPAWN] Toadstool at (1121,205)
[2026-06-20 17:51:07.157] [EVT.SPAWN] Cactus at (1365,4572)
[2026-06-20 17:51:07.157] [EVT.SPAWN] Grass at (1806,1811)
[2026-06-20 17:51:07.257] [EVT.SPAWN] Flowers at (3855,1906)
[2026-06-20 17:51:07.257] [EVT.SPAWN] GrassTuft at (3587,1220)
[2026-06-20 17:51:07.257] [EVT.SPAWN] Grass at (665,2610)
[2026-06-20 17:51:07.257] [EVT.SPAWN] Pine at (498,3852)
[2026-06-20 17:51:07.345] [EVT.SPAWN] Plant at (782,132)
[2026-06-20 17:51:07.345] [EVT.SPAWN] Grass at (676,2584)
[2026-06-20 17:51:07.357] [EVT.SPAWN] Plant at (3609,4351)
[2026-06-20 17:51:07.357] [EVT.SPAWN] Pine at (1073,2644)
[2026-06-20 17:51:07.446] [EVT.SPAWN] Pine at (1145,2702)
[2026-06-20 17:51:07.446] [EVT.SPAWN] Pine at (1039,2707)
[2026-06-20 17:51:07.446] [EVT.SPAWN] Pine at (1120,2707)
[2026-06-20 17:51:07.466] [EVT.SPAWN] Bush at (1728,9)
[2026-06-20 17:51:07.545] [EVT.SPAWN] Pine at (1094,2735)
[2026-06-20 17:51:07.552] [EVT.DEATH] Seaweed died at age 4,6s, energy -0,3
[2026-06-20 17:51:07.557] [EVT.SPAWN] Toadstool at (3173,849)
[2026-06-20 17:51:07.557] [EVT.SPAWN] PineTree at (3464,2538)
[2026-06-20 17:51:07.557] [EVT.SPAWN] Pine at (4147,1440)
[2026-06-20 17:51:07.557] [EVT.SPAWN] BerryBush at (3409,2268)
[2026-06-20 17:51:07.646] [EVT.SPAWN] Moss at (4856,3952)
[2026-06-20 17:51:07.646] [EVT.SPAWN] Pine at (4081,1495)
[2026-06-20 17:51:07.646] [EVT.SPAWN] Moss at (4755,3894)
[2026-06-20 17:51:07.646] [EVT.SPAWN] Pine at (4257,1428)
[2026-06-20 17:51:07.668] [EVT.SPAWN] Plant at (64,319)
[2026-06-20 17:51:07.669] [EVT.SPAWN] Algae at (1248,3280)
[2026-06-20 17:51:07.669] [EVT.SPAWN] OakTree at (5412,636)
[2026-06-20 17:51:07.669] [EVT.SPAWN] Moss at (4871,3950)
[2026-06-20 17:51:07.669] [EVT.STATS] T=4,8s P=296 H=60 C=20 O=15 Total=394
[2026-06-20 17:51:07.746] [EVT.SPAWN] BerryBush at (3465,2247)
[2026-06-20 17:51:07.746] [EVT.SPAWN] Mushroom at (3497,1041)
[2026-06-20 17:51:07.757] [EVT.SPAWN] Flowers at (979,3978)
[2026-06-20 17:51:07.757] [EVT.SPAWN] Plant at (3827,1945)
[2026-06-20 17:51:07.757] [EVT.SPAWN] Bush at (1032,486)
[2026-06-20 17:51:07.757] [EVT.SPAWN] Moss at (3513,3107)
[2026-06-20 17:51:07.846] [EVT.SPAWN] Algae at (1305,3326)
[2026-06-20 17:51:07.853] [EVT.DEATH] Plant died at age 4,9s, energy -0,8
[2026-06-20 17:51:07.867] [EVT.SPAWN] Pine at (715,3518)
[2026-06-20 17:51:07.867] [EVT.SPAWN] Bush at (5295,3798)
[2026-06-20 17:51:07.946] [EVT.SPAWN] BerryBush at (5639,230)
[2026-06-20 17:51:07.946] [EVT.SPAWN] Pine at (1220,4544)
[2026-06-20 17:51:07.966] [EVT.SPAWN] Pine at (1262,4572)
[2026-06-20 17:51:07.966] [EVT.SPAWN] OakTree at (2850,2745)
[2026-06-20 17:51:07.966] [EVT.SPAWN] Seaweed at (5091,376)
[2026-06-20 17:51:07.966] [EVT.SPAWN] Bush at (4660,4314)
[2026-06-20 17:51:07.966] [EVT.SPAWN] Coral at (4601,526)
[2026-06-20 17:51:08.066] [EVT.SPAWN] BerryBush at (1416,1324)
[2026-06-20 17:51:08.066] [EVT.SPAWN] Cactus at (3983,4320)
[2026-06-20 17:51:08.066] [EVT.SPAWN] PineTree at (2302,782)
[2026-06-20 17:51:08.145] [EVT.SPAWN] Mushroom at (4984,2638)
[2026-06-20 17:51:08.157] [EVT.SPAWN] Moss at (2419,2316)
[2026-06-20 17:51:08.157] [EVT.SPAWN] Plant at (1316,687)
[2026-06-20 17:51:08.157] [EVT.SPAWN] Grass at (6113,3732)
[2026-06-20 17:51:08.157] [EVT.SPAWN] PineTree at (5643,1375)
[2026-06-20 17:51:08.157] [EVT.SPAWN] Mushroom at (6008,401)
[2026-06-20 17:51:08.157] [EVT.SPAWN] Bush at (1781,802)
[2026-06-20 17:51:08.245] [EVT.SPAWN] PineTree at (2112,3147)
[2026-06-20 17:51:08.246] [EVT.SPAWN] Bush at (1681,883)
[2026-06-20 17:51:08.246] [EVT.SPAWN] Plant at (1243,803)
[2026-06-20 17:51:08.257] [EVT.SPAWN] Pine at (1073,2744)
[2026-06-20 17:51:08.257] [EVT.SPAWN] PineTree at (2029,3176)
[2026-06-20 17:51:08.346] [EVT.SPAWN] Pine at (1088,2743)
[2026-06-20 17:51:08.346] [EVT.SPAWN] Pine at (1150,2715)
[2026-06-20 17:51:08.346] [EVT.SPAWN] Mushroom at (4992,2541)
[2026-06-20 17:51:08.346] [EVT.SPAWN] Pine at (1046,2698)
[2026-06-20 17:51:08.346] [EVT.SPAWN] PineTree at (2018,3086)
[2026-06-20 17:51:08.346] [EVT.SPAWN] Pine at (1070,2724)
[2026-06-20 17:51:08.358] [EVT.SPAWN] PineTree at (4942,3350)
[2026-06-20 17:51:08.358] [EVT.SPAWN] Mushroom at (5034,2593)
[2026-06-20 17:51:08.358] [EVT.SPAWN] BerryBush at (5659,151)
[2026-06-20 17:51:08.446] [EVT.SPAWN] Pine at (1109,2677)
[2026-06-20 17:51:08.446] [EVT.SPAWN] Pine at (988,2775)
[2026-06-20 17:51:08.446] [EVT.SPAWN] Pine at (1189,2720)
[2026-06-20 17:51:08.446] [EVT.SPAWN] GrassTuft at (812,1500)
[2026-06-20 17:51:08.458] [EVT.SPAWN] Pine at (1676,4200)
[2026-06-20 17:51:08.458] [EVT.SPAWN] GrassTuft at (829,1501)
[2026-06-20 17:51:08.458] [EVT.SPAWN] GrassTuft at (5668,2196)
[2026-06-20 17:51:08.458] [EVT.SPAWN] PineTree at (415,589)
[2026-06-20 17:51:08.546] [EVT.SPAWN] PineTree at (1278,4505)
[2026-06-20 17:51:08.555] [EVT.DEATH] Coral died at age 5,6s, energy 0,0
[2026-06-20 17:51:08.557] [EVT.SPAWN] PineTree at (1279,4419)
[2026-06-20 17:51:08.652] [EVT.DEATH] Grass died at age 1,5s, energy 0,0
[2026-06-20 17:51:08.657] [EVT.SPAWN] Grass at (589,2509)
[2026-06-20 17:51:08.657] [EVT.SPAWN] Toadstool at (4441,1200)
[2026-06-20 17:51:08.657] [EVT.SPAWN] Pine at (4854,394)
[2026-06-20 17:51:08.657] [EVT.SPAWN] Pine at (5250,587)
[2026-06-20 17:51:08.746] [EVT.SPAWN] Plant at (822,139)
[2026-06-20 17:51:08.746] [EVT.SPAWN] Grass at (631,2581)
[2026-06-20 17:51:08.746] [EVT.SPAWN] Plant at (810,150)
[2026-06-20 17:51:08.746] [EVT.SPAWN] Grass at (580,2634)
[2026-06-20 17:51:08.766] [EVT.SPAWN] Plant at (2337,4294)
[2026-06-20 17:51:08.766] [EVT.SPAWN] Pine at (4191,1432)
[2026-06-20 17:51:08.766] [EVT.SPAWN] Kelp at (5638,1234)
[2026-06-20 17:51:08.846] [EVT.SPAWN] Moss at (4853,3892)
[2026-06-20 17:51:08.846] [EVT.SPAWN] Pine at (4102,1499)
[2026-06-20 17:51:08.846] [EVT.SPAWN] Pine at (4141,1370)
[2026-06-20 17:51:08.846] [EVT.SPAWN] Moss at (4816,3890)
[2026-06-20 17:51:08.846] [EVT.SPAWN] Moss at (4837,3978)
[2026-06-20 17:51:08.846] [EVT.SPAWN] Pine at (4193,1548)
[2026-06-20 17:51:08.846] [EVT.SPAWN] Grass at (984,2985)
[2026-06-20 17:51:08.846] [EVT.SPAWN] Plant at (2257,4173)
[2026-06-20 17:51:08.846] [EVT.SPAWN] Moss at (4787,3965)
[2026-06-20 17:51:08.846] [EVT.SPAWN] Pine at (4212,1472)
[2026-06-20 17:51:08.857] [EVT.SPAWN] Plant at (2989,796)
[2026-06-20 17:51:08.857] [EVT.SPAWN] Algae at (3298,197)
[2026-06-20 17:51:08.857] [EVT.SPAWN] Grass at (935,3020)
[2026-06-20 17:51:08.857] [EVT.SPAWN] Moss at (4856,3950)
[2026-06-20 17:51:08.857] [EVT.SPAWN] Cactus at (1611,2480)
[2026-06-20 17:51:08.946] [EVT.SPAWN] Plant at (901,3958)
[2026-06-20 17:51:08.962] [EVT.SPAWN] Toadstool at (3876,4470)
[2026-06-20 17:51:08.962] [EVT.SPAWN] Mushroom at (5651,3128)
[2026-06-20 17:51:08.962] [EVT.SPAWN] Plant at (933,3826)
[2026-06-20 17:51:09.057] [EVT.SPAWN] BerryBush at (3105,2082)
[2026-06-20 17:51:09.057] [EVT.SPAWN] Moss at (2235,2145)
[2026-06-20 17:51:09.057] [EVT.SPAWN] Grass at (1994,2834)
[2026-06-20 17:51:09.146] [EVT.SPAWN] Grass at (1976,2765)
[2026-06-20 17:51:09.162] [EVT.SPAWN] Cactus at (5948,3242)
[2026-06-20 17:51:09.162] [EVT.SPAWN] PineTree at (5321,512)
[2026-06-20 17:51:09.162] [EVT.SPAWN] BerryBush at (706,1373)
[2026-06-20 17:51:09.162] [EVT.SPAWN] Cactus at (4431,559)
[2026-06-20 17:51:09.162] [EVT.SPAWN] Plant at (2443,1087)
[2026-06-20 17:51:09.162] [EVT.SPAWN] Pine at (3892,4761)
[2026-06-20 17:51:09.162] [EVT.SPAWN] Kelp at (3476,2991)
[2026-06-20 17:51:09.162] [EVT.SPAWN] BerryBush at (3425,2240)
[2026-06-20 17:51:09.162] [EVT.SPAWN] Pine at (1029,2730)
[2026-06-20 17:51:09.162] [EVT.SPAWN] Moss at (5012,703)
[2026-06-20 17:51:09.246] [EVT.SPAWN] Pine at (1068,2581)
[2026-06-20 17:51:09.246] [EVT.SPAWN] Pine at (1050,2726)
[2026-06-20 17:51:09.246] [EVT.SPAWN] Pine at (1056,2713)
[2026-06-20 17:51:09.246] [EVT.SPAWN] Algae at (1242,3299)
[2026-06-20 17:51:09.246] [EVT.SPAWN] Cactus at (5940,3250)
[2026-06-20 17:51:09.246] [EVT.SPAWN] Pine at (1015,2707)
[2026-06-20 17:51:09.246] [EVT.SPAWN] Pine at (1120,2702)
[2026-06-20 17:51:09.258] [EVT.DEATH] Pine died at age 6,3s, energy -0,0
[2026-06-20 17:51:09.261] [EVT.DEATH] Bush died at age 6,3s, energy 0,0
[2026-06-20 17:51:09.264] [EVT.DEATH] PineTree died at age 6,3s, energy 0,0
[2026-06-20 17:51:09.264] [EVT.DEATH] Cactus died at age 6,3s, energy 0,0
[2026-06-20 17:51:09.266] [EVT.SPAWN] OakTree at (6,2724)
[2026-06-20 17:51:09.266] [EVT.SPAWN] PineTree at (642,225)
[2026-06-20 17:51:09.266] [EVT.SPAWN] Grass at (1831,1707)
[2026-06-20 17:51:09.346] [EVT.SPAWN] Pine at (1133,2679)
[2026-06-20 17:51:09.346] [EVT.SPAWN] Pine at (1074,2734)
[2026-06-20 17:51:09.346] [EVT.SPAWN] Pine at (1095,2671)
[2026-06-20 17:51:09.346] [EVT.SPAWN] Pine at (1005,2680)
[2026-06-20 17:51:09.346] [EVT.SPAWN] Pine at (935,2703)
[2026-06-20 17:51:09.346] [EVT.SPAWN] Pine at (1110,2674)
[2026-06-20 17:51:09.346] [EVT.SPAWN] BerryBush at (3469,2247)
[2026-06-20 17:51:09.346] [EVT.SPAWN] Mushroom at (3545,1097)
[2026-06-20 17:51:09.371] [EVT.SPAWN] Toadstool at (1137,132)
[2026-06-20 17:51:09.446] [EVT.SPAWN] Pine at (1121,2768)
[2026-06-20 17:51:09.446] [EVT.SPAWN] Mushroom at (5039,2676)
[2026-06-20 17:51:09.446] [EVT.SPAWN] Flowers at (3885,1929)
[2026-06-20 17:51:09.446] [EVT.SPAWN] Mushroom at (4983,2623)
[2026-06-20 17:51:09.458] [EVT.SPAWN] Flowers at (3832,1914)
[2026-06-20 17:51:09.458] [EVT.SPAWN] Toadstool at (1587,242)
[2026-06-20 17:51:09.546] [EVT.SPAWN] PineTree at (2031,3108)
[2026-06-20 17:51:09.546] [EVT.SPAWN] GrassTuft at (3565,1205)
[2026-06-20 17:51:09.546] [EVT.SPAWN] BerryBush at (5740,248)
[2026-06-20 17:51:09.560] [EVT.SPAWN] GrassTuft at (3540,1244)
[2026-06-20 17:51:09.560] [EVT.SPAWN] BerryBush at (1354,2964)
[2026-06-20 17:51:09.560] [EVT.SPAWN] Flowers at (4835,4003)
[2026-06-20 17:51:09.560] [EVT.SPAWN] Bush at (518,1030)
[2026-06-20 17:51:09.560] [EVT.SPAWN] PineTree at (2112,3226)
[2026-06-20 17:51:09.646] [EVT.SPAWN] PineTree at (2030,3221)
[2026-06-20 17:51:09.646] [EVT.SPAWN] Pine at (1154,4570)
[2026-06-20 17:51:09.646] [EVT.SPAWN] BerryBush at (3520,2301)
[2026-06-20 17:51:09.646] [EVT.SPAWN] PineTree at (2112,3115)
[2026-06-20 17:51:09.646] [EVT.SPAWN] Mushroom at (4992,2552)
[2026-06-20 17:51:09.646] [EVT.SPAWN] Pine at (1133,4532)
[2026-06-20 17:51:09.646] [EVT.SPAWN] PineTree at (2070,3103)
[2026-06-20 17:51:09.656] [EVT.DEATH] Algae died at age 6,7s, energy 0,0
[2026-06-20 17:51:09.658] [EVT.SPAWN] WaterLily at (2275,1123)
[2026-06-20 17:51:09.658] [EVT.SPAWN] Mushroom at (5114,2598)
[2026-06-20 17:51:09.746] [EVT.SPAWN] Mushroom at (5010,2577)
[2026-06-20 17:51:09.746] [EVT.SPAWN] PineTree at (4917,4435)
